<?xml version="1.0" encoding="UTF-8"?>
<!-- Generated by org.testng.reporters.JUnitReportReporter -->
<testsuite hostname="DESKTOP-HLF1SQE" failures="0" tests="5" name="TestNG.PriorityTestCase" time="0.000" errors="0" timestamp="2023-01-25T17:26:07 IST" skipped="0">
  <testcase classname="TestNG.PriorityTestCase" name="startCar" time="0.000"/>
  <system-out/>
  <testcase classname="TestNG.PriorityTestCase" name="putFirstGear" time="0.000"/>
  <system-out/>
  <testcase classname="TestNG.PriorityTestCase" name="putSecondGear" time="0.000"/>
  <system-out/>
  <testcase classname="TestNG.PriorityTestCase" name="putThirdGear" time="0.000"/>
  <system-out/>
  <testcase classname="TestNG.PriorityTestCase" name="putFourthGear" time="0.000"/>
  <system-out/>
</testsuite> <!-- TestNG.PriorityTestCase -->
