<?xml version="1.0" encoding="UTF-8"?>
<!-- Generated by org.testng.reporters.JUnitReportReporter -->
<testsuite hostname="DESKTOP-HLF1SQE" failures="0" tests="4" name="TestNG.BasicTestNG" time="0.007" errors="0" timestamp="2023-01-12T15:40:22 IST" skipped="0">
  <testcase classname="TestNG.BasicTestNG" name="Third" time="0.000"/>
  <system-out/>
  <testcase classname="TestNG.BasicTestNG" name="Fourth" time="0.001"/>
  <system-out/>
  <testcase classname="TestNG.BasicTestNG" name="Second" time="0.000"/>
  <system-out/>
  <testcase classname="TestNG.BasicTestNG" name="First" time="0.006"/>
  <system-out/>
</testsuite> <!-- TestNG.BasicTestNG -->
