<?xml version="1.0" encoding="UTF-8"?>
<!-- Generated by org.testng.reporters.JUnitReportReporter -->
<testsuite hostname="DESKTOP-HLF1SQE" failures="0" tests="4" name="TestNG.DependenciesManage" time="0.000" errors="0" timestamp="2023-01-25T17:26:07 IST" skipped="0">
  <testcase classname="TestNG.DependenciesManage" name="HigherSecSchool" time="0.000"/>
  <system-out/>
  <testcase classname="TestNG.DependenciesManage" name="CollegeUG" time="0.000"/>
  <system-out/>
  <testcase classname="TestNG.DependenciesManage" name="CollegePG" time="0.000"/>
  <system-out/>
  <testcase classname="TestNG.DependenciesManage" name="HighSchool" time="0.000"/>
  <system-out/>
</testsuite> <!-- TestNG.DependenciesManage -->
