<?xml version="1.0" encoding="UTF-8"?>
<!-- Generated by org.testng.reporters.JUnitReportReporter -->
<testsuite hostname="DESKTOP-HLF1SQE" failures="0" tests="2" name="TestNG.ParallelRun" time="3.644" errors="0" timestamp="2023-01-25T17:28:23 IST" skipped="0">
  <testcase classname="TestNG.ParallelRun" name="OpenBing" time="1.581"/>
  <system-out/>
  <testcase classname="TestNG.ParallelRun" name="OpenGoogle" time="2.063"/>
  <system-out/>
</testsuite> <!-- TestNG.ParallelRun -->
