<?xml version="1.0" encoding="UTF-8"?>
<!-- Generated by org.testng.reporters.JUnitReportReporter -->
<testsuite hostname="DESKTOP-HLF1SQE" failures="0" tests="1" name="TestNG.TestNGClassExample" time="0.004" errors="0" timestamp="2023-01-25T17:27:15 IST" skipped="0">
  <testcase classname="TestNG.TestNGClassExample" name="test" time="0.004"/>
  <system-out/>
</testsuite> <!-- TestNG.TestNGClassExample -->
