<?xml version="1.0" encoding="UTF-8"?>
<!-- Generated by org.testng.reporters.JUnitReportReporter -->
<testsuite hostname="DESKTOP-HLF1SQE" failures="0" tests="2" name="TestNG.ParrellRun" time="2.933" errors="0" timestamp="2023-01-13T09:48:56 IST" skipped="0">
  <testcase classname="TestNG.ParrellRun" name="OpenGoogle" time="1.480"/>
  <system-out/>
  <testcase classname="TestNG.ParrellRun" name="OpenBing" time="1.453"/>
  <system-out/>
</testsuite> <!-- TestNG.ParrellRun -->
