<?xml version="1.0" encoding="UTF-8"?>
<!-- Generated by org.testng.reporters.JUnitReportReporter -->
<testsuite hostname="DESKTOP-HLF1SQE" failures="0" tests="1" name="TestNG.ParameterExample" time="0.007" errors="0" timestamp="2023-01-13T10:29:54 IST" skipped="0">
  <testcase classname="TestNG.ParameterExample" name="PrintName" time="0.007"/>
  <system-out/>
</testsuite> <!-- TestNG.ParameterExample -->
