<?xml version="1.0" encoding="UTF-8"?>
<!-- Generated by org.testng.reporters.JUnitReportReporter -->
<testsuite hostname="DESKTOP-HLF1SQE" failures="0" tests="5" name="TestNG.PriorityTest" time="0.010" errors="0" timestamp="2023-01-12T15:51:55 IST" skipped="0">
  <testcase classname="TestNG.PriorityTest" name="startCar" time="0.005"/>
  <system-out/>
  <testcase classname="TestNG.PriorityTest" name="putFirstGear" time="0.002"/>
  <system-out/>
  <testcase classname="TestNG.PriorityTest" name="putSecondGear" time="0.001"/>
  <system-out/>
  <testcase classname="TestNG.PriorityTest" name="putThirdGear" time="0.001"/>
  <system-out/>
  <testcase classname="TestNG.PriorityTest" name="putFourthGear" time="0.001"/>
  <system-out/>
</testsuite> <!-- TestNG.PriorityTest -->
