<?xml version="1.0" encoding="UTF-8"?>
<!-- Generated by org.testng.reporters.JUnitReportReporter -->
<testsuite hostname="DESKTOP-HLF1SQE" failures="0" tests="5" name="TestNG.SkipPriorityTestCase" time="0.000" errors="0" timestamp="2023-01-25T17:26:07 IST" skipped="1">
  <testcase classname="TestNG.SkipPriorityTestCase" name="startCar" time="0.000"/>
  <system-out/>
  <testcase classname="TestNG.SkipPriorityTestCase" name="putSecondGear" time="0.000"/>
  <system-out/>
  <testcase classname="TestNG.SkipPriorityTestCase" name="putThirdGear" time="0.000"/>
  <system-out/>
  <testcase classname="TestNG.SkipPriorityTestCase" name="putFourthGear" time="0.000"/>
  <system-out/>
  <testcase classname="TestNG.SkipPriorityTestCase" name="putFirstGear">
    <skipped/>
  </testcase> <!-- putFirstGear -->
  <system-out/>
</testsuite> <!-- TestNG.SkipPriorityTestCase -->
