<?xml version="1.0" encoding="UTF-8"?>
<!-- Generated by org.testng.reporters.JUnitReportReporter -->
<testsuite hostname="DESKTOP-HLF1SQE" failures="0" tests="3" name="TestNG.SuitesExample" time="1.619" errors="0" timestamp="2023-01-25T17:26:07 IST" skipped="0">
  <testcase classname="TestNG.SuitesExample" name="StaffDesk" time="0.828"/>
  <system-out/>
  <testcase classname="TestNG.SuitesExample" name="Buyer" time="0.377"/>
  <system-out/>
  <testcase classname="TestNG.SuitesExample" name="Activation" time="0.414"/>
  <system-out/>
</testsuite> <!-- TestNG.SuitesExample -->
