<?xml version="1.0" encoding="UTF-8"?>
<!-- Generated by org.testng.reporters.JUnitReportReporter -->
<testsuite hostname="DESKTOP-HLF1SQE" failures="0" tests="3" name="TestNG.LoadTimeCalculates" time="4.126" errors="0" timestamp="2023-01-25T17:26:07 IST" skipped="0">
  <testcase classname="TestNG.LoadTimeCalculates" name="Buyer" time="1.147"/>
  <system-out/>
  <testcase classname="TestNG.LoadTimeCalculates" name="Activation" time="1.293"/>
  <system-out/>
  <testcase classname="TestNG.LoadTimeCalculates" name="StaffDesk" time="1.686"/>
  <system-out/>
</testsuite> <!-- TestNG.LoadTimeCalculates -->
